<?xml version="1.0" encoding="UTF-8"?>
<testng-results ignored="0" total="3" passed="2" failed="1" skipped="0">
  <reporter-output>
    <line>
      <![CDATA[<a href="E:\NewProject\screenshot.jpg" target="_blank">Screenshot link]]>
    </line>
    <line>
      <![CDATA[<br>]]>
    </line>
    <line>
      <![CDATA[<a href="E:\NewProject\screenshot.jpg" target="_blank"><img height=150 width=150 src="E:\NewProject\screenshot.jpg">]]>
    </line>
    <line>
      <![CDATA[<a href="E:\NewProject\screenshot.jpg" target="_blank">Screenshot link]]>
    </line>
    <line>
      <![CDATA[<br>]]>
    </line>
    <line>
      <![CDATA[<a href="E:\NewProject\screenshot.jpg" target="_blank"><img height=150 width=150 src="E:\NewProject\screenshot.jpg">]]>
    </line>
  </reporter-output>
  <suite started-at="2024-04-28T12:32:59 CDT" name="Suite1" finished-at="2024-04-28T12:33:04 CDT" duration-ms="5402">
    <groups>
      <group name="smoke">
        <method signature="Tests1.doLogin2()[pri:2, instance:Tests1@59474f18]" name="doLogin2" class="Tests1"/>
        <method signature="Tests1.doLogin1()[pri:1, instance:Tests1@59474f18]" name="doLogin1" class="Tests1"/>
        <method signature="Tests1.doLogin3()[pri:1, instance:Tests1@59474f18]" name="doLogin3" class="Tests1"/>
      </group> <!-- smoke -->
      <group name="login">
        <method signature="Tests1.doLogin2()[pri:2, instance:Tests1@59474f18]" name="doLogin2" class="Tests1"/>
        <method signature="Tests1.doLogin1()[pri:1, instance:Tests1@59474f18]" name="doLogin1" class="Tests1"/>
        <method signature="Tests1.doLogin3()[pri:1, instance:Tests1@59474f18]" name="doLogin3" class="Tests1"/>
      </group> <!-- login -->
    </groups>
    <test started-at="2024-04-28T12:32:59 CDT" name="Login Test" finished-at="2024-04-28T12:32:59 CDT" duration-ms="7">
    </test> <!-- Login Test -->
    <test started-at="2024-04-28T12:32:59 CDT" name="Login Tests1" finished-at="2024-04-28T12:33:04 CDT" duration-ms="5374">
      <class name="Tests1">
        <test-method is-config="true" signature="setUp()[pri:0, instance:Tests1@59474f18]" started-at="2024-04-28T12:32:59 CDT" name="setUp" finished-at="2024-04-28T12:33:00 CDT" duration-ms="956" status="PASS">
          <reporter-output>
          </reporter-output>
        </test-method> <!-- setUp -->
        <test-method signature="doLogin3()[pri:1, instance:Tests1@59474f18]" started-at="2024-04-28T12:33:00 CDT" name="doLogin3" finished-at="2024-04-28T12:33:01 CDT" duration-ms="1109" status="PASS">
          <reporter-output>
          </reporter-output>
        </test-method> <!-- doLogin3 -->
        <test-method is-config="true" signature="tearDown()[pri:0, instance:Tests1@59474f18]" started-at="2024-04-28T12:33:01 CDT" name="tearDown" finished-at="2024-04-28T12:33:01 CDT" duration-ms="80" status="PASS">
          <reporter-output>
          </reporter-output>
        </test-method> <!-- tearDown -->
        <test-method is-config="true" signature="setUp()[pri:0, instance:Tests1@59474f18]" started-at="2024-04-28T12:33:01 CDT" name="setUp" finished-at="2024-04-28T12:33:02 CDT" duration-ms="687" status="PASS">
          <reporter-output>
          </reporter-output>
        </test-method> <!-- setUp -->
        <test-method signature="doLogin2()[pri:2, instance:Tests1@59474f18]" started-at="2024-04-28T12:33:02 CDT" name="doLogin2" finished-at="2024-04-28T12:33:03 CDT" duration-ms="852" status="PASS">
          <reporter-output>
            <line>
              <![CDATA[<a href="E:\NewProject\screenshot.jpg" target="_blank">Screenshot link]]>
            </line>
            <line>
              <![CDATA[<br>]]>
            </line>
            <line>
              <![CDATA[<a href="E:\NewProject\screenshot.jpg" target="_blank"><img height=150 width=150 src="E:\NewProject\screenshot.jpg">]]>
            </line>
          </reporter-output>
        </test-method> <!-- doLogin2 -->
        <test-method is-config="true" signature="tearDown()[pri:0, instance:Tests1@59474f18]" started-at="2024-04-28T12:33:03 CDT" name="tearDown" finished-at="2024-04-28T12:33:03 CDT" duration-ms="87" status="PASS">
          <reporter-output>
          </reporter-output>
        </test-method> <!-- tearDown -->
        <test-method is-config="true" signature="setUp()[pri:0, instance:Tests1@59474f18]" started-at="2024-04-28T12:33:03 CDT" name="setUp" finished-at="2024-04-28T12:33:04 CDT" duration-ms="697" status="PASS">
          <reporter-output>
          </reporter-output>
        </test-method> <!-- setUp -->
        <test-method signature="doLogin1()[pri:1, instance:Tests1@59474f18]" started-at="2024-04-28T12:33:04 CDT" name="doLogin1" finished-at="2024-04-28T12:33:04 CDT" depends-on-methods="Tests1.doLogin2" duration-ms="808" status="FAIL">
          <exception class="java.lang.AssertionError">
            <message>
              <![CDATA[The following asserts failed:
expected [16] but found [15]]]>
            </message>
            <full-stacktrace>
              <![CDATA[java.lang.AssertionError: The following asserts failed:
expected [16] but found [15]
at org.testng.asserts.SoftAssert.assertAll(SoftAssert.java:46)
at org.testng.asserts.SoftAssert.assertAll(SoftAssert.java:30)
at Tests1.doLogin1(Tests1.java:48)
at java.base/jdk.internal.reflect.NativeMethodAccessorImpl.invoke0(Native Method)
at java.base/jdk.internal.reflect.NativeMethodAccessorImpl.invoke(NativeMethodAccessorImpl.java:77)
at java.base/jdk.internal.reflect.DelegatingMethodAccessorImpl.invoke(DelegatingMethodAccessorImpl.java:43)
at java.base/java.lang.reflect.Method.invoke(Method.java:568)
at org.testng.internal.invokers.MethodInvocationHelper.invokeMethod(MethodInvocationHelper.java:141)
at org.testng.internal.invokers.TestInvoker.invokeMethod(TestInvoker.java:686)
at org.testng.internal.invokers.TestInvoker.invokeTestMethod(TestInvoker.java:230)
at org.testng.internal.invokers.MethodRunner.runInSequence(MethodRunner.java:63)
at org.testng.internal.invokers.TestInvoker$MethodInvocationAgent.invoke(TestInvoker.java:992)
at org.testng.internal.invokers.TestInvoker.invokeTestMethods(TestInvoker.java:203)
at org.testng.internal.invokers.TestMethodWorker.invokeTestMethods(TestMethodWorker.java:154)
at org.testng.internal.invokers.TestMethodWorker.run(TestMethodWorker.java:134)
at java.base/java.util.ArrayList.forEach(ArrayList.java:1511)
at org.testng.TestRunner.privateRun(TestRunner.java:739)
at org.testng.TestRunner.run(TestRunner.java:614)
at org.testng.SuiteRunner.runTest(SuiteRunner.java:421)
at org.testng.SuiteRunner.runSequentially(SuiteRunner.java:413)
at org.testng.SuiteRunner.privateRun(SuiteRunner.java:373)
at org.testng.SuiteRunner.run(SuiteRunner.java:312)
at org.testng.SuiteRunnerWorker.runSuite(SuiteRunnerWorker.java:52)
at org.testng.SuiteRunnerWorker.run(SuiteRunnerWorker.java:95)
at org.testng.TestNG.runSuitesSequentially(TestNG.java:1274)
at org.testng.TestNG.runSuitesLocally(TestNG.java:1208)
at org.testng.TestNG.runSuites(TestNG.java:1112)
at org.testng.TestNG.run(TestNG.java:1079)
at com.intellij.rt.testng.IDEARemoteTestNG.run(IDEARemoteTestNG.java:66)
at com.intellij.rt.testng.RemoteTestNGStarter.main(RemoteTestNGStarter.java:109)
]]>
            </full-stacktrace>
          </exception> <!-- java.lang.AssertionError -->
          <reporter-output>
            <line>
              <![CDATA[<a href="E:\NewProject\screenshot.jpg" target="_blank">Screenshot link]]>
            </line>
            <line>
              <![CDATA[<br>]]>
            </line>
            <line>
              <![CDATA[<a href="E:\NewProject\screenshot.jpg" target="_blank"><img height=150 width=150 src="E:\NewProject\screenshot.jpg">]]>
            </line>
          </reporter-output>
        </test-method> <!-- doLogin1 -->
        <test-method is-config="true" signature="tearDown()[pri:0, instance:Tests1@59474f18]" started-at="2024-04-28T12:33:04 CDT" name="tearDown" finished-at="2024-04-28T12:33:04 CDT" duration-ms="69" status="PASS">
          <reporter-output>
          </reporter-output>
        </test-method> <!-- tearDown -->
      </class> <!-- Tests1 -->
    </test> <!-- Login Tests1 -->
    <test started-at="2024-04-28T12:33:04 CDT" name="Screenshot Test" finished-at="2024-04-28T12:33:04 CDT" duration-ms="0">
    </test> <!-- Screenshot Test -->
  </suite> <!-- Suite1 -->
</testng-results>
